[ 2025-09-03 08:51:26,650 ] 17 root - INFO - ====================Data Ingestion log started.==================== 
[ 2025-09-03 08:51:26,650 ] 35 root - INFO - Data Ingestion Config: DatasetConfig(dataset_download_url='https://github.com/AIAkashMukherjee/Book-Recommendation-Engine/raw/e7b547e69d56ade27cd5c89e6c2550e6d1659525/data/books_data.zip', raw_data_dir='artifacts/dataset/raw_data', ingested_dir='artifacts/dataset/ingested_data')
[ 2025-09-03 08:51:26,650 ] 62 root - INFO - Data Validation Config: DataValidationConfig(clean_data_dir='artifacts/dataset/clean_data', books_csv_file='artifacts/dataset/ingested_data/BX-Books.csv', ratings_csv_file='artifacts/dataset/ingested_data/BX-Book-Ratings.csv', serialized_objects_dir='artifacts/serialized_objects')
[ 2025-09-03 08:51:26,650 ] 86 root - INFO - Data Transformation Config: DataTransformationConfig(clean_data_file_path='artifacts/dataset/clean_data/clean_data.csv', transformed_data_dir='artifacts/dataset/transformed_data')
[ 2025-09-03 08:51:26,651 ] 62 root - INFO - Data Validation Config: DataValidationConfig(clean_data_dir='artifacts/dataset/clean_data', books_csv_file='artifacts/dataset/ingested_data/BX-Books.csv', ratings_csv_file='artifacts/dataset/ingested_data/BX-Book-Ratings.csv', serialized_objects_dir='artifacts/serialized_objects')
[ 2025-09-03 08:51:26,651 ] 114 root - INFO - Model Trainer Config: ModelTrainerConfig(transformed_data_file_dir='artifacts/dataset/transformed_data/transformed_data.pkl', trained_model_dir='artifacts/trained_model', trained_model_name='model.pkl')
[ 2025-09-03 08:51:26,651 ] 34 root - INFO - Downloading data from https://github.com/AIAkashMukherjee/Book-Recommendation-Engine/raw/e7b547e69d56ade27cd5c89e6c2550e6d1659525/data/books_data.zip into file artifacts/dataset/raw_data/books_data.zip
[ 2025-09-03 08:51:29,505 ] 36 root - INFO - Downloaded data from https://github.com/AIAkashMukherjee/Book-Recommendation-Engine/raw/e7b547e69d56ade27cd5c89e6c2550e6d1659525/data/books_data.zip into file artifacts/dataset/raw_data/books_data.zip
[ 2025-09-03 08:51:29,736 ] 54 root - INFO - Extracting zip file: artifacts/dataset/raw_data/books_data.zip into dir: artifacts/dataset/ingested_data
[ 2025-09-03 08:51:29,736 ] 63 root - INFO - ====================Data Ingestion log completed.==================== 


[ 2025-09-03 08:51:29,736 ] 77 root - INFO - ====================Data Validation log started.==================== 
[ 2025-09-03 08:51:30,769 ] 26 root - INFO -  Shape of ratings data file: (1149780, 3)
[ 2025-09-03 08:51:30,769 ] 27 root - INFO -  Shape of books data file: (271360, 8)
[ 2025-09-03 08:51:31,266 ] 58 root - INFO -  Shape of the final clean dataset: (96245, 9)
[ 2025-09-03 08:51:31,460 ] 63 root - INFO - Saved cleaned data to artifacts/dataset/clean_data
[ 2025-09-03 08:51:31,484 ] 69 root - INFO - Saved final_rating serialization object to artifacts/serialized_objects
[ 2025-09-03 08:51:31,515 ] 79 root - INFO - ====================Data Validation log completed.==================== 


[ 2025-09-03 08:51:31,515 ] 54 root - INFO - ====================Data Transformation log started.==================== 
[ 2025-09-03 08:51:31,634 ] 26 root - INFO -  Shape of book pivot table: (1733, 893)
[ 2025-09-03 08:51:31,647 ] 32 root - INFO - Saved pivot table data to artifacts/dataset/transformed_data
[ 2025-09-03 08:51:31,649 ] 40 root - INFO - Saved book_names serialization object to artifacts/serialized_objects
[ 2025-09-03 08:51:31,658 ] 45 root - INFO - Saved book_pivot serialization object to artifacts/serialized_objects
[ 2025-09-03 08:51:31,659 ] 56 root - INFO - ====================Data Transformation log completed.==================== 


[ 2025-09-03 08:51:31,659 ] 41 root - INFO - ====================Model Trainer log started.==================== 
[ 2025-09-03 08:51:31,668 ] 32 root - INFO - Saving final model to artifacts/trained_model/model.pkl
[ 2025-09-03 08:51:31,668 ] 43 root - INFO - ====================Model Trainer log completed.==================== 


